<?xml version="1.0" encoding="UTF-8"?>
<!-- Generated by org.testng.reporters.JUnitReportReporter -->
<testsuite hostname="LTIN509703" failures="0" tests="3" name="testRunner.TestRunner" time="171.329" errors="0" timestamp="2024-04-18T17:36:12 IST" skipped="0">
  <testcase classname="testRunner.TestRunner" name="runScenario" time="86.034"/>
  <testcase classname="testRunner.TestRunner" name="runScenario" time="44.247"/>
  <testcase classname="testRunner.TestRunner" name="runScenario" time="41.048"/>
</testsuite> <!-- testRunner.TestRunner -->
